2023-06-11 10:51:55,806 [INFO] image/rony created
2023-06-11 10:53:55,433 [INFO] image/rony already exists
2023-06-11 10:53:55,434 [INFO] USER_DIR: /home/rony/Projects/captcha-model-train/image/rony
2023-06-11 10:54:18,130 [INFO] image/rony already exists
2023-06-11 10:54:34,038 [INFO] image/rony already exists
2023-06-11 11:18:43,180 [INFO] image/rony already exists
2023-06-11 11:18:44,854 [INFO] HTTP Request: GET https://javdb.com/rucaptcha "HTTP/1.1 200 OK"
2023-06-11 11:18:46,449 [INFO] HTTP Request: GET https://javdb.com/rucaptcha "HTTP/1.1 200 OK"
2023-06-11 11:18:47,875 [INFO] HTTP Request: GET https://javdb.com/rucaptcha "HTTP/1.1 200 OK"
2023-06-11 11:18:49,381 [INFO] HTTP Request: GET https://javdb.com/rucaptcha "HTTP/1.1 200 OK"
2023-06-11 11:18:50,845 [INFO] HTTP Request: GET https://javdb.com/rucaptcha "HTTP/1.1 200 OK"
2023-06-11 11:18:52,413 [INFO] HTTP Request: GET https://javdb.com/rucaptcha "HTTP/1.1 200 OK"
2023-06-11 11:18:53,965 [INFO] HTTP Request: GET https://javdb.com/rucaptcha "HTTP/1.1 200 OK"
2023-06-11 11:18:55,572 [INFO] HTTP Request: GET https://javdb.com/rucaptcha "HTTP/1.1 200 OK"
2023-06-11 11:18:57,079 [INFO] HTTP Request: GET https://javdb.com/rucaptcha "HTTP/1.1 200 OK"
2023-06-11 11:18:58,582 [INFO] HTTP Request: GET https://javdb.com/rucaptcha "HTTP/1.1 200 OK"
2023-06-11 11:21:34,399 [INFO] image/rony already exists
2023-06-11 11:21:36,054 [INFO] HTTP Request: GET https://javdb.com/rucaptcha "HTTP/1.1 200 OK"
2023-06-11 11:21:37,634 [INFO] HTTP Request: GET https://javdb.com/rucaptcha "HTTP/1.1 200 OK"
2023-06-11 11:21:39,105 [INFO] HTTP Request: GET https://javdb.com/rucaptcha "HTTP/1.1 200 OK"
2023-06-11 11:21:40,617 [INFO] HTTP Request: GET https://javdb.com/rucaptcha "HTTP/1.1 200 OK"
2023-06-11 11:21:42,388 [INFO] HTTP Request: GET https://javdb.com/rucaptcha "HTTP/1.1 200 OK"
2023-06-11 11:21:44,217 [INFO] HTTP Request: GET https://javdb.com/rucaptcha "HTTP/1.1 200 OK"
2023-06-11 11:21:46,001 [INFO] HTTP Request: GET https://javdb.com/rucaptcha "HTTP/1.1 200 OK"
2023-06-11 11:21:47,061 [INFO] HTTP Request: GET https://javdb.com/rucaptcha "HTTP/1.1 200 OK"
2023-06-11 11:21:48,855 [INFO] HTTP Request: GET https://javdb.com/rucaptcha "HTTP/1.1 200 OK"
2023-06-11 11:21:50,321 [INFO] HTTP Request: GET https://javdb.com/rucaptcha "HTTP/1.1 200 OK"
2023-06-11 11:22:00,551 [INFO] image/rony already exists
2023-06-11 11:22:02,009 [INFO] HTTP Request: GET https://javdb.com/rucaptcha "HTTP/1.1 200 OK"
2023-06-11 11:22:03,506 [INFO] HTTP Request: GET https://javdb.com/rucaptcha "HTTP/1.1 200 OK"
2023-06-11 11:22:05,029 [INFO] HTTP Request: GET https://javdb.com/rucaptcha "HTTP/1.1 200 OK"
2023-06-11 11:22:06,516 [INFO] HTTP Request: GET https://javdb.com/rucaptcha "HTTP/1.1 200 OK"
2023-06-11 11:22:08,011 [INFO] HTTP Request: GET https://javdb.com/rucaptcha "HTTP/1.1 200 OK"
2023-06-11 11:22:08,795 [INFO] HTTP Request: GET https://javdb.com/rucaptcha "HTTP/1.1 200 OK"
2023-06-11 11:22:09,527 [INFO] HTTP Request: GET https://javdb.com/rucaptcha "HTTP/1.1 200 OK"
2023-06-11 11:22:10,295 [INFO] HTTP Request: GET https://javdb.com/rucaptcha "HTTP/1.1 200 OK"
2023-06-11 11:22:11,822 [INFO] HTTP Request: GET https://javdb.com/rucaptcha "HTTP/1.1 200 OK"
2023-06-11 11:22:12,553 [INFO] HTTP Request: GET https://javdb.com/rucaptcha "HTTP/1.1 200 OK"
2023-06-11 11:26:30,039 [INFO] image/rony already exists
2023-06-11 11:26:30,066 [INFO] RUN: labelImg /home/rony/Projects/captcha-model-train/image/rony class/alphabets.txt <class 'str'>
2023-06-11 11:26:47,921 [INFO] image/rony already exists
2023-06-11 11:26:47,922 [INFO] RUN: labelImg /home/rony/Projects/captcha-model-train/image/rony class/alphabets.txt /home/rony/Projects/captcha-model-train/save/rony
